<?xml version="1.0" encoding="UTF-8"?>
<testng-results ignored="0" total="1" passed="1" failed="0" skipped="0">
  <reporter-output>
  </reporter-output>
  <suite started-at="2024-05-14T01:17:38 AST" name="InternetBankingV1" finished-at="2024-05-14T01:17:47 AST" duration-ms="9066">
    <groups>
    </groups>
    <test started-at="2024-05-14T01:17:38 AST" name="BankingApp Test" finished-at="2024-05-14T01:17:47 AST" duration-ms="9066">
      <class name="com.inetbanking.testCases.TC_LoginTest_001">
        <test-method is-config="true" signature="setup(java.lang.String)[pri:0, instance:com.inetbanking.testCases.TC_LoginTest_001@15bbf42f]" started-at="2024-05-14T01:17:38 AST" name="setup" finished-at="2024-05-14T01:17:40 AST" duration-ms="1319" status="PASS">
          <params>
            <param index="0">
              <value>
                <![CDATA[chrome]]>
              </value>
            </param>
          </params>
          <reporter-output>
          </reporter-output>
        </test-method> <!-- setup -->
        <test-method signature="loginTest()[pri:0, instance:com.inetbanking.testCases.TC_LoginTest_001@15bbf42f]" started-at="2024-05-14T01:17:40 AST" name="loginTest" finished-at="2024-05-14T01:17:47 AST" duration-ms="7508" status="PASS">
          <reporter-output>
          </reporter-output>
        </test-method> <!-- loginTest -->
        <test-method is-config="true" signature="tearDown()[pri:0, instance:com.inetbanking.testCases.TC_LoginTest_001@15bbf42f]" started-at="2024-05-14T01:17:47 AST" name="tearDown" finished-at="2024-05-14T01:17:47 AST" duration-ms="174" status="PASS">
          <reporter-output>
          </reporter-output>
        </test-method> <!-- tearDown -->
      </class> <!-- com.inetbanking.testCases.TC_LoginTest_001 -->
    </test> <!-- BankingApp Test -->
  </suite> <!-- InternetBankingV1 -->
</testng-results>
